2024-11-07 22:49:04.732 [info] [main] Log level: Info
2024-11-07 22:49:04.732 [info] [main] Validating found git in: "git"
2024-11-07 22:49:04.732 [info] [main] Using git "2.43.0" from "git"
2024-11-07 22:49:04.732 [info] [Model][doInitialScan] Initial repository scan started
2024-11-07 22:49:04.732 [info] > git rev-parse --show-toplevel [1ms]
2024-11-07 22:49:04.746 [info] > git rev-parse --git-dir --git-common-dir [14ms]
2024-11-07 22:49:04.751 [info] [Model][openRepository] Opened repository: /home/jonathan
2024-11-07 22:49:04.755 [info] > git rev-parse --show-toplevel [1ms]
2024-11-07 22:49:04.756 [info] > git config --get commit.template [2ms]
2024-11-07 22:49:04.759 [info] > git rev-parse --show-toplevel [1ms]
2024-11-07 22:49:04.759 [info] > git for-each-ref --format=%(refname)%00%(upstream:short)%00%(objectname)%00%(upstream:track)%00%(upstream:remotename)%00%(upstream:remoteref) refs/heads/master refs/remotes/master [1ms]
2024-11-07 22:49:04.765 [info] > git rev-parse --show-toplevel [2ms]
2024-11-07 22:49:04.765 [info] > git for-each-ref --sort -committerdate --format %(refname) %(objectname) %(*objectname) [3ms]
2024-11-07 22:49:04.767 [info] > git rev-parse --show-toplevel [0ms]
2024-11-07 22:49:04.769 [info] > git rev-parse --show-toplevel [1ms]
2024-11-07 22:49:04.770 [info] > git rev-parse --show-toplevel [0ms]
2024-11-07 22:49:04.772 [info] [Model][doInitialScan] Initial repository scan completed - repositories (1), closed repositories (0), parent repositories (0), unsafe repositories (0)
2024-11-07 22:49:04.780 [info] > git status -z -uall [20ms]
2024-11-07 22:49:04.825 [info] > git for-each-ref --format=%(refname)%00%(upstream:short)%00%(objectname)%00%(upstream:track)%00%(upstream:remotename)%00%(upstream:remoteref) refs/heads/master refs/remotes/master [3ms]
2024-11-07 22:49:04.827 [info] > git config --get commit.template [2ms]
2024-11-07 22:49:04.827 [info] > git config --local branch.master.vscode-merge-base [1ms]
2024-11-07 22:49:04.827 [warning] [Git][config] git config failed: Failed to execute git
2024-11-07 22:49:04.830 [info] > git reflog master --grep-reflog=branch: Created from *. [1ms]
2024-11-07 22:49:04.831 [info] > git for-each-ref --format=%(refname)%00%(upstream:short)%00%(objectname)%00%(upstream:track)%00%(upstream:remotename)%00%(upstream:remoteref) refs/heads/master refs/remotes/master [1ms]
2024-11-07 22:49:04.834 [info] > git symbolic-ref --short refs/remotes/origin/HEAD [3ms]
2024-11-07 22:49:04.834 [info] fatal: ref refs/remotes/origin/HEAD is not a symbolic ref
2024-11-07 22:49:04.834 [warning] [Repository][getDefaultBranch] Failed to get default branch details: Failed to execute git.
2024-11-07 22:49:04.842 [info] > git for-each-ref --sort -committerdate --format %(refname) %(objectname) %(*objectname) [9ms]
2024-11-07 22:49:04.845 [info] > git status -z -uall [13ms]
2024-11-07 22:49:05.154 [info] > git show --textconv :web.html [2ms]
2024-11-07 22:49:05.154 [info] > git ls-files --stage -- /home/jonathan/web.html [1ms]
2024-11-07 22:49:05.156 [info] > git cat-file -s e910bc8a282099cdf3fcaf47c1763abd9b9c08e1 [1ms]
2024-11-07 22:49:05.266 [info] > git check-ignore -v -z --stdin [0ms]
2024-11-07 22:49:08.393 [info] > git config --get commit.template [1ms]
2024-11-07 22:49:08.396 [info] > git for-each-ref --format=%(refname)%00%(upstream:short)%00%(objectname)%00%(upstream:track)%00%(upstream:remotename)%00%(upstream:remoteref) refs/heads/master refs/remotes/master [1ms]
2024-11-07 22:49:08.399 [info] > git for-each-ref --sort -committerdate --format %(refname) %(objectname) %(*objectname) [1ms]
2024-11-07 22:49:08.408 [info] > git status -z -uall [11ms]
2024-11-07 22:49:13.436 [info] > git config --get commit.template [2ms]
2024-11-07 22:49:13.436 [info] > git for-each-ref --format=%(refname)%00%(upstream:short)%00%(objectname)%00%(upstream:track)%00%(upstream:remotename)%00%(upstream:remoteref) refs/heads/master refs/remotes/master [1ms]
2024-11-07 22:49:13.438 [info] > git for-each-ref --sort -committerdate --format %(refname) %(objectname) %(*objectname) [0ms]
2024-11-07 22:49:13.447 [info] > git status -z -uall [10ms]
2024-11-07 22:49:19.602 [info] > git config --get commit.template [1ms]
2024-11-07 22:49:19.603 [info] > git for-each-ref --format=%(refname)%00%(upstream:short)%00%(objectname)%00%(upstream:track)%00%(upstream:remotename)%00%(upstream:remoteref) refs/heads/master refs/remotes/master [1ms]
2024-11-07 22:49:19.605 [info] > git for-each-ref --sort -committerdate --format %(refname) %(objectname) %(*objectname) [0ms]
2024-11-07 22:49:19.615 [info] > git status -z -uall [11ms]
2024-11-07 22:49:28.521 [info] > git config --get commit.template [1ms]
2024-11-07 22:49:28.521 [info] > git for-each-ref --format=%(refname)%00%(upstream:short)%00%(objectname)%00%(upstream:track)%00%(upstream:remotename)%00%(upstream:remoteref) refs/heads/master refs/remotes/master [0ms]
2024-11-07 22:49:28.524 [info] > git for-each-ref --sort -committerdate --format %(refname) %(objectname) %(*objectname) [1ms]
2024-11-07 22:49:28.532 [info] > git status -z -uall [10ms]
2024-11-07 22:49:33.560 [info] > git config --get commit.template [1ms]
2024-11-07 22:49:33.560 [info] > git for-each-ref --format=%(refname)%00%(upstream:short)%00%(objectname)%00%(upstream:track)%00%(upstream:remotename)%00%(upstream:remoteref) refs/heads/master refs/remotes/master [1ms]
2024-11-07 22:49:33.563 [info] > git for-each-ref --sort -committerdate --format %(refname) %(objectname) %(*objectname) [0ms]
2024-11-07 22:49:33.571 [info] > git status -z -uall [10ms]
2024-11-07 22:49:38.598 [info] > git config --get commit.template [2ms]
2024-11-07 22:49:38.598 [info] > git for-each-ref --format=%(refname)%00%(upstream:short)%00%(objectname)%00%(upstream:track)%00%(upstream:remotename)%00%(upstream:remoteref) refs/heads/master refs/remotes/master [0ms]
2024-11-07 22:49:38.601 [info] > git for-each-ref --sort -committerdate --format %(refname) %(objectname) %(*objectname) [0ms]
2024-11-07 22:49:38.614 [info] > git status -z -uall [15ms]
2024-11-07 22:49:43.654 [info] > git config --get commit.template [8ms]
2024-11-07 22:49:43.655 [info] > git for-each-ref --format=%(refname)%00%(upstream:short)%00%(objectname)%00%(upstream:track)%00%(upstream:remotename)%00%(upstream:remoteref) refs/heads/master refs/remotes/master [7ms]
2024-11-07 22:49:43.659 [info] > git for-each-ref --sort -committerdate --format %(refname) %(objectname) %(*objectname) [1ms]
2024-11-07 22:49:43.814 [info] > git status -z -uall [158ms]
2024-11-07 22:49:50.011 [info] > git config --get commit.template [2ms]
2024-11-07 22:49:50.011 [info] > git for-each-ref --format=%(refname)%00%(upstream:short)%00%(objectname)%00%(upstream:track)%00%(upstream:remotename)%00%(upstream:remoteref) refs/heads/master refs/remotes/master [0ms]
2024-11-07 22:49:50.014 [info] > git for-each-ref --sort -committerdate --format %(refname) %(objectname) %(*objectname) [0ms]
2024-11-07 22:49:50.023 [info] > git status -z -uall [10ms]
2024-11-07 22:49:55.050 [info] > git config --get commit.template [1ms]
2024-11-07 22:49:55.050 [info] > git for-each-ref --format=%(refname)%00%(upstream:short)%00%(objectname)%00%(upstream:track)%00%(upstream:remotename)%00%(upstream:remoteref) refs/heads/master refs/remotes/master [0ms]
2024-11-07 22:49:55.053 [info] > git for-each-ref --sort -committerdate --format %(refname) %(objectname) %(*objectname) [1ms]
2024-11-07 22:49:55.062 [info] > git status -z -uall [11ms]
2024-11-07 22:50:00.092 [info] > git config --get commit.template [3ms]
2024-11-07 22:50:00.092 [info] > git for-each-ref --format=%(refname)%00%(upstream:short)%00%(objectname)%00%(upstream:track)%00%(upstream:remotename)%00%(upstream:remoteref) refs/heads/master refs/remotes/master [1ms]
2024-11-07 22:50:00.094 [info] > git for-each-ref --sort -committerdate --format %(refname) %(objectname) %(*objectname) [0ms]
2024-11-07 22:50:00.103 [info] > git status -z -uall [10ms]
2024-11-07 22:50:05.131 [info] > git config --get commit.template [2ms]
2024-11-07 22:50:05.131 [info] > git for-each-ref --format=%(refname)%00%(upstream:short)%00%(objectname)%00%(upstream:track)%00%(upstream:remotename)%00%(upstream:remoteref) refs/heads/master refs/remotes/master [1ms]
2024-11-07 22:50:05.134 [info] > git for-each-ref --sort -committerdate --format %(refname) %(objectname) %(*objectname) [0ms]
2024-11-07 22:50:05.143 [info] > git status -z -uall [11ms]
2024-11-07 22:50:10.173 [info] > git config --get commit.template [2ms]
2024-11-07 22:50:10.173 [info] > git for-each-ref --format=%(refname)%00%(upstream:short)%00%(objectname)%00%(upstream:track)%00%(upstream:remotename)%00%(upstream:remoteref) refs/heads/master refs/remotes/master [0ms]
2024-11-07 22:50:10.175 [info] > git for-each-ref --sort -committerdate --format %(refname) %(objectname) %(*objectname) [0ms]
2024-11-07 22:50:10.184 [info] > git status -z -uall [10ms]
2024-11-07 22:50:16.697 [info] > git config --get commit.template [1ms]
2024-11-07 22:50:16.700 [info] > git for-each-ref --format=%(refname)%00%(upstream:short)%00%(objectname)%00%(upstream:track)%00%(upstream:remotename)%00%(upstream:remoteref) refs/heads/master refs/remotes/master [1ms]
2024-11-07 22:50:16.703 [info] > git for-each-ref --sort -committerdate --format %(refname) %(objectname) %(*objectname) [0ms]
2024-11-07 22:50:16.712 [info] > git status -z -uall [11ms]
2024-11-07 22:50:21.740 [info] > git config --get commit.template [1ms]
2024-11-07 22:50:21.741 [info] > git for-each-ref --format=%(refname)%00%(upstream:short)%00%(objectname)%00%(upstream:track)%00%(upstream:remotename)%00%(upstream:remoteref) refs/heads/master refs/remotes/master [1ms]
2024-11-07 22:50:21.744 [info] > git for-each-ref --sort -committerdate --format %(refname) %(objectname) %(*objectname) [1ms]
2024-11-07 22:50:21.752 [info] > git status -z -uall [10ms]
2024-11-07 22:50:27.985 [info] > git config --get commit.template [1ms]
2024-11-07 22:50:27.988 [info] > git for-each-ref --format=%(refname)%00%(upstream:short)%00%(objectname)%00%(upstream:track)%00%(upstream:remotename)%00%(upstream:remoteref) refs/heads/master refs/remotes/master [0ms]
2024-11-07 22:50:27.991 [info] > git for-each-ref --sort -committerdate --format %(refname) %(objectname) %(*objectname) [1ms]
2024-11-07 22:50:28.000 [info] > git status -z -uall [11ms]
2024-11-07 22:50:33.027 [info] > git config --get commit.template [2ms]
2024-11-07 22:50:33.027 [info] > git for-each-ref --format=%(refname)%00%(upstream:short)%00%(objectname)%00%(upstream:track)%00%(upstream:remotename)%00%(upstream:remoteref) refs/heads/master refs/remotes/master [0ms]
2024-11-07 22:50:33.030 [info] > git for-each-ref --sort -committerdate --format %(refname) %(objectname) %(*objectname) [1ms]
2024-11-07 22:50:33.039 [info] > git status -z -uall [11ms]
2024-11-07 22:50:38.067 [info] > git config --get commit.template [3ms]
2024-11-07 22:50:38.067 [info] > git for-each-ref --format=%(refname)%00%(upstream:short)%00%(objectname)%00%(upstream:track)%00%(upstream:remotename)%00%(upstream:remoteref) refs/heads/master refs/remotes/master [1ms]
2024-11-07 22:50:38.070 [info] > git for-each-ref --sort -committerdate --format %(refname) %(objectname) %(*objectname) [0ms]
2024-11-07 22:50:38.079 [info] > git status -z -uall [11ms]
2024-11-07 22:50:43.103 [info] > git config --get commit.template [1ms]
2024-11-07 22:50:43.104 [info] > git for-each-ref --format=%(refname)%00%(upstream:short)%00%(objectname)%00%(upstream:track)%00%(upstream:remotename)%00%(upstream:remoteref) refs/heads/master refs/remotes/master [0ms]
2024-11-07 22:50:43.107 [info] > git for-each-ref --sort -committerdate --format %(refname) %(objectname) %(*objectname) [1ms]
2024-11-07 22:50:43.115 [info] > git status -z -uall [10ms]
2024-11-07 22:50:48.144 [info] > git config --get commit.template [3ms]
2024-11-07 22:50:48.145 [info] > git for-each-ref --format=%(refname)%00%(upstream:short)%00%(objectname)%00%(upstream:track)%00%(upstream:remotename)%00%(upstream:remoteref) refs/heads/master refs/remotes/master [1ms]
2024-11-07 22:50:48.148 [info] > git for-each-ref --sort -committerdate --format %(refname) %(objectname) %(*objectname) [0ms]
2024-11-07 22:50:48.157 [info] > git status -z -uall [11ms]
2024-11-07 22:50:53.185 [info] > git config --get commit.template [1ms]
2024-11-07 22:50:53.187 [info] > git for-each-ref --format=%(refname)%00%(upstream:short)%00%(objectname)%00%(upstream:track)%00%(upstream:remotename)%00%(upstream:remoteref) refs/heads/master refs/remotes/master [1ms]
2024-11-07 22:50:53.191 [info] > git for-each-ref --sort -committerdate --format %(refname) %(objectname) %(*objectname) [2ms]
2024-11-07 22:50:53.199 [info] > git status -z -uall [10ms]
2024-11-07 22:50:59.408 [info] > git config --get commit.template [2ms]
2024-11-07 22:50:59.408 [info] > git for-each-ref --format=%(refname)%00%(upstream:short)%00%(objectname)%00%(upstream:track)%00%(upstream:remotename)%00%(upstream:remoteref) refs/heads/master refs/remotes/master [1ms]
2024-11-07 22:50:59.412 [info] > git for-each-ref --sort -committerdate --format %(refname) %(objectname) %(*objectname) [1ms]
2024-11-07 22:50:59.425 [info] > git status -z -uall [15ms]
2024-11-07 22:51:11.339 [info] > git config --get commit.template [1ms]
2024-11-07 22:51:11.339 [info] > git for-each-ref --format=%(refname)%00%(upstream:short)%00%(objectname)%00%(upstream:track)%00%(upstream:remotename)%00%(upstream:remoteref) refs/heads/master refs/remotes/master [1ms]
2024-11-07 22:51:11.341 [info] > git for-each-ref --sort -committerdate --format %(refname) %(objectname) %(*objectname) [0ms]
2024-11-07 22:51:11.351 [info] > git status -z -uall [11ms]
2024-11-07 22:51:16.378 [info] > git config --get commit.template [2ms]
2024-11-07 22:51:16.378 [info] > git for-each-ref --format=%(refname)%00%(upstream:short)%00%(objectname)%00%(upstream:track)%00%(upstream:remotename)%00%(upstream:remoteref) refs/heads/master refs/remotes/master [0ms]
2024-11-07 22:51:16.380 [info] > git for-each-ref --sort -committerdate --format %(refname) %(objectname) %(*objectname) [0ms]
2024-11-07 22:51:16.389 [info] > git status -z -uall [10ms]
2024-11-07 22:51:21.416 [info] > git config --get commit.template [1ms]
2024-11-07 22:51:21.416 [info] > git for-each-ref --format=%(refname)%00%(upstream:short)%00%(objectname)%00%(upstream:track)%00%(upstream:remotename)%00%(upstream:remoteref) refs/heads/master refs/remotes/master [0ms]
2024-11-07 22:51:21.419 [info] > git for-each-ref --sort -committerdate --format %(refname) %(objectname) %(*objectname) [1ms]
2024-11-07 22:51:21.427 [info] > git status -z -uall [10ms]
2024-11-07 22:51:26.460 [info] > git config --get commit.template [2ms]
2024-11-07 22:51:26.460 [info] > git for-each-ref --format=%(refname)%00%(upstream:short)%00%(objectname)%00%(upstream:track)%00%(upstream:remotename)%00%(upstream:remoteref) refs/heads/master refs/remotes/master [1ms]
2024-11-07 22:51:26.463 [info] > git for-each-ref --sort -committerdate --format %(refname) %(objectname) %(*objectname) [0ms]
2024-11-07 22:51:26.471 [info] > git status -z -uall [10ms]
2024-11-07 22:51:32.657 [info] > git config --get commit.template [2ms]
2024-11-07 22:51:32.657 [info] > git for-each-ref --format=%(refname)%00%(upstream:short)%00%(objectname)%00%(upstream:track)%00%(upstream:remotename)%00%(upstream:remoteref) refs/heads/master refs/remotes/master [1ms]
2024-11-07 22:51:32.660 [info] > git for-each-ref --sort -committerdate --format %(refname) %(objectname) %(*objectname) [0ms]
2024-11-07 22:51:32.669 [info] > git status -z -uall [11ms]
2024-11-07 22:55:20.732 [info] > git config --get commit.template [1ms]
2024-11-07 22:55:20.734 [info] > git for-each-ref --format=%(refname)%00%(upstream:short)%00%(objectname)%00%(upstream:track)%00%(upstream:remotename)%00%(upstream:remoteref) refs/heads/master refs/remotes/master [1ms]
2024-11-07 22:55:20.737 [info] > git for-each-ref --sort -committerdate --format %(refname) %(objectname) %(*objectname) [1ms]
2024-11-07 22:55:20.750 [info] > git status -z -uall [15ms]
2024-11-07 22:55:29.457 [info] > git config --get commit.template [1ms]
2024-11-07 22:55:29.457 [info] > git for-each-ref --format=%(refname)%00%(upstream:short)%00%(objectname)%00%(upstream:track)%00%(upstream:remotename)%00%(upstream:remoteref) refs/heads/master refs/remotes/master [1ms]
2024-11-07 22:55:29.460 [info] > git for-each-ref --sort -committerdate --format %(refname) %(objectname) %(*objectname) [1ms]
2024-11-07 22:55:29.471 [info] > git status -z -uall [13ms]
